<?xml version="1.0" encoding="UTF-8"?>
<!-- Generated by org.testng.reporters.JUnitReportReporter -->
<testsuite hostname="DESKTOP-IOIIPVP" failures="0" tests="1" name="tests.AddToCartTest" time="3.307" errors="0" timestamp="2021-11-20T09:05:04 EET" skipped="0">
  <testcase classname="tests.AddToCartTest" name="UserCanAddToCart" time="3.307"/>
  <system-out/>
</testsuite> <!-- tests.AddToCartTest -->
