<?xml version="1.0" encoding="UTF-8"?>
<!-- Generated by org.testng.reporters.JUnitReportReporter -->
<testsuite hostname="DESKTOP-IOIIPVP" failures="0" tests="1" name="tests.selectCatTest" time="5.308" errors="0" timestamp="2021-12-03T11:28:52 EET" skipped="0">
  <testcase classname="tests.selectCatTest" name="USerCanSelectCat" time="5.308"/>
  <system-out/>
</testsuite> <!-- tests.selectCatTest -->
