<?xml version="1.0" encoding="UTF-8"?>
<!-- Generated by org.testng.reporters.JUnitReportReporter -->
<testsuite hostname="DESKTOP-IOIIPVP" failures="0" tests="1" name="tests.UploadimageTest" time="16.059" errors="0" timestamp="2021-11-20T17:21:44 EET" skipped="0">
  <testcase classname="tests.UploadimageTest" name="f" time="16.059"/>
  <system-out/>
</testsuite> <!-- tests.UploadimageTest -->
