<?xml version="1.0" encoding="UTF-8"?>
<!-- Generated by org.testng.reporters.JUnitReportReporter -->
<testsuite hostname="DESKTOP-IOIIPVP" failures="0" tests="1" name="tests.selectCatTest" time="4.713" errors="0" timestamp="2021-11-20T11:04:42 EET" skipped="0">
  <testcase classname="tests.selectCatTest" name="USerCanSelectCat" time="4.713"/>
  <system-out/>
</testsuite> <!-- tests.selectCatTest -->
