<?xml version="1.0" encoding="UTF-8"?>
<!-- Generated by org.testng.reporters.JUnitReportReporter -->
<testsuite hostname="DESKTOP-IOIIPVP" failures="0" tests="1" name="tests.TestBase" time="6.074" errors="0" timestamp="2021-11-20T10:04:36 EET" skipped="0">
  <testcase classname="tests.TestBase" name="UserCanLogin" time="6.074"/>
  <system-out/>
</testsuite> <!-- tests.TestBase -->
