<?xml version="1.0" encoding="UTF-8"?>
<!-- Generated by org.testng.reporters.JUnitReportReporter -->
<testsuite hostname="DESKTOP-IOIIPVP" failures="0" tests="1" name="tests.UploadimageTest" time="15.547" errors="0" timestamp="2021-12-03T11:28:52 EET" skipped="0">
  <testcase classname="tests.UploadimageTest" name="f" time="15.547"/>
  <system-out/>
</testsuite> <!-- tests.UploadimageTest -->
