<?xml version="1.0" encoding="UTF-8"?>
<!-- Generated by org.testng.reporters.JUnitReportReporter -->
<testsuite hostname="DESKTOP-IOIIPVP" failures="0" tests="1" name="tests.SearchTest" time="2.786" errors="0" timestamp="2021-12-03T11:28:52 EET" skipped="0">
  <testcase classname="tests.SearchTest" name="UserCanSearch" time="2.786"/>
  <system-out/>
</testsuite> <!-- tests.SearchTest -->
